0 verbose cli /usr/bin/node /usr/bin/npm
1 info using npm@10.9.1
2 info using node@v22.22.2
3 silly config load:file:/usr/lib/node_modules/npm/npmrc
4 silly config load:file:/home/.npmrc
5 silly config load:file:/etc/npmrc
6 verbose title npm install git-y
7 verbose argv "install" "git-y"
8 verbose logfile logs-max:10 dir:/home/.npm/_logs/2026-05-11T11_29_08_899Z-
9 verbose logfile /home/.npm/_logs/2026-05-11T11_29_08_899Z-debug-0.log
10 silly logfile start cleaning logs, removing 1 files
11 silly packumentCache heap:2028994560 maxSize:507248640 maxEntrySize:253624320
12 silly logfile done cleaning log files
13 silly idealTree buildDeps
14 silly fetch manifest git-y@*
15 silly packumentCache full:https://registry.npmjs.org/git-y cache-miss
16 http fetch GET 404 https://registry.npmjs.org/git-y 695ms (cache skip)
17 silly placeDep ROOT git-y@ OK for: bot-do-neon@1.0.0 want: *
18 verbose stack HttpErrorGeneral: 404 Not Found - GET https://registry.npmjs.org/git-y - Not found
18 verbose stack     at /usr/lib/node_modules/npm/node_modules/npm-registry-fetch/lib/check-response.js:103:15
18 verbose stack     at process.processTicksAndRejections (node:internal/process/task_queues:103:5)
18 verbose stack     at async RegistryFetcher.packument (/usr/lib/node_modules/npm/node_modules/pacote/lib/registry.js:90:19)
18 verbose stack     at async RegistryFetcher.manifest (/usr/lib/node_modules/npm/node_modules/pacote/lib/registry.js:128:23)
18 verbose stack     at async #fetchManifest (/usr/lib/node_modules/npm/node_modules/@npmcli/arborist/lib/arborist/build-ideal-tree.js:1202:20)
18 verbose stack     at async #nodeFromEdge (/usr/lib/node_modules/npm/node_modules/@npmcli/arborist/lib/arborist/build-ideal-tree.js:1040:19)
18 verbose stack     at async #buildDepStep (/usr/lib/node_modules/npm/node_modules/@npmcli/arborist/lib/arborist/build-ideal-tree.js:904:11)
18 verbose stack     at async Arborist.buildIdealTree (/usr/lib/node_modules/npm/node_modules/@npmcli/arborist/lib/arborist/build-ideal-tree.js:181:7)
18 verbose stack     at async Promise.all (index 1)
18 verbose stack     at async Arborist.reify (/usr/lib/node_modules/npm/node_modules/@npmcli/arborist/lib/arborist/reify.js:131:5)
19 verbose statusCode 404
20 verbose pkgid git-y@*
21 error code E404
22 error 404 Not Found - GET https://registry.npmjs.org/git-y - Not found
23 error 404
24 error 404  'git-y@*' is not in this registry.
25 error 404
26 error 404 Note that you can also install from a
27 error 404 tarball, folder, http url, or git url.
28 silly unfinished npm timer reify 1778498957188
29 silly unfinished npm timer reify:loadTrees 1778498957193
30 verbose cwd /home
31 verbose os Linux 5.10.240-android12-9-00003-g1951d14a348b-ab14110529
32 verbose node v22.22.2
33 verbose npm  v10.9.1
34 verbose exit 1
35 verbose code 1
36 error A complete log of this run can be found in: /home/.npm/_logs/2026-05-11T11_29_08_899Z-debug-0.log
